<?xml version="1.0" encoding="UTF-8"?>
<!-- Generated by org.testng.reporters.JUnitReportReporter -->
<testsuite skipped="0" hostname="hp" name="com.automation.codingchallange.HandlingExcelData" tests="1" failures="0" timestamp="2025-01-07T23:08:45 IST" time="11.870" errors="0">
  <testcase name="loginTest" time="11.870" classname="com.automation.codingchallange.HandlingExcelData"/>
  <system-out/>
</testsuite> <!-- com.automation.codingchallange.HandlingExcelData -->
