<?xml version="1.0" encoding="UTF-8"?>
<!-- Generated by org.testng.reporters.JUnitReportReporter -->
<testsuite skipped="0" hostname="hp" name="com.automation.codingchallange.RedBusCalanderChallange" tests="1" failures="0" timestamp="2024-03-09T21:34:51 IST" time="13.732" errors="0">
  <testcase name="testRedBusCalender" time="13.732" classname="com.automation.codingchallange.RedBusCalanderChallange"/>
  <system-out/>
</testsuite> <!-- com.automation.codingchallange.RedBusCalanderChallange -->
